<?xml version="1.0" encoding="UTF-8"?>
<testng-results ignored="0" total="1" passed="1" failed="0" skipped="0">
  <reporter-output>
  </reporter-output>
  <suite started-at="2026-06-23T10:44:36 IST" name="Default suite" finished-at="2026-06-23T10:44:44 IST" duration-ms="7549">
    <groups>
    </groups>
    <test started-at="2026-06-23T10:44:36 IST" name="Default test" finished-at="2026-06-23T10:44:44 IST" duration-ms="7549">
      <class name="RestAssured.Basics.Authrntciation">
        <test-method signature="m1()[pri:0, instance:RestAssured.Basics.Authrntciation@292b08d6]" started-at="2026-06-23T10:44:36 IST" name="m1" finished-at="2026-06-23T10:44:44 IST" duration-ms="7414" status="PASS">
          <reporter-output>
          </reporter-output>
        </test-method> <!-- m1 -->
      </class> <!-- RestAssured.Basics.Authrntciation -->
    </test> <!-- Default test -->
  </suite> <!-- Default suite -->
</testng-results>
