<?xml version="1.0" encoding="UTF-8"?>
<!-- Generated by org.testng.reporters.JUnitReportReporter -->
<testsuite hostname="DESKTOP-1OHI8R1" failures="0" tests="6" name="RestAssured.Basics.CrudOperation" time="11.004" errors="0" timestamp="2026-06-19T11:02:40 IST" skipped="0">
  <testcase classname="RestAssured.Basics.CrudOperation" name="getAllPosts" time="4.035"/>
  <testcase classname="RestAssured.Basics.CrudOperation" name="getSingleUser" time="2.287"/>
  <testcase classname="RestAssured.Basics.CrudOperation" name="postUser" time="1.502"/>
  <testcase classname="RestAssured.Basics.CrudOperation" name="putUser" time="0.986"/>
  <testcase classname="RestAssured.Basics.CrudOperation" name="patchUser" time="1.227"/>
  <testcase classname="RestAssured.Basics.CrudOperation" name="deleteUser" time="0.967"/>
</testsuite> <!-- RestAssured.Basics.CrudOperation -->
