<?xml version="1.0" encoding="UTF-8"?>
<!-- Generated by org.testng.reporters.JUnitReportReporter -->
<testsuite hostname="DESKTOP-1OHI8R1" failures="0" tests="3" name="RestAssured.Basics.APITestCases" time="4.821" errors="0" timestamp="2026-06-19T14:17:15 IST" skipped="0">
  <testcase classname="RestAssured.Basics.APITestCases" name="headersTest" time="3.844"/>
  <testcase classname="RestAssured.Basics.APITestCases" name="pathParamTest" time="0.547"/>
  <testcase classname="RestAssured.Basics.APITestCases" name="queryParamTest" time="0.430"/>
</testsuite> <!-- RestAssured.Basics.APITestCases -->
